Using pre-set license
Built from '2022.2/staging' branch; Version is '2022.2.5f1 (551d45108343) revision 5578053'; Using compiler version '192829333'; Build Type 'Release'
OS: 'Windows 10  (10.0.19045) 64bit Enterprise' Language: 'en' Physical Memory: 32643 MB
BatchMode: 1, IsHumanControllingUs: 0, StartBugReporterOnCrash: 0, Is64bit: 1, IsPro: 1

COMMAND LINE ARGUMENTS:
C:\Program Files\Unity\Hub\Editor\2022.2.5f1\Editor\Unity.exe
-adb2
-batchMode
-noUpm
-name
AssetImportWorker1
-projectPath
C:/DES310
-logFile
Logs/AssetImportWorker1.log
-srvPort
62318
Successfully changed project path to: C:/DES310
C:/DES310
[UnityMemory] Configuration Parameters - Can be set up in boot.config
    "memorysetup-bucket-allocator-granularity=16"
    "memorysetup-bucket-allocator-bucket-count=8"
    "memorysetup-bucket-allocator-block-size=33554432"
    "memorysetup-bucket-allocator-block-count=8"
    "memorysetup-main-allocator-block-size=16777216"
    "memorysetup-thread-allocator-block-size=16777216"
    "memorysetup-gfx-main-allocator-block-size=16777216"
    "memorysetup-gfx-thread-allocator-block-size=16777216"
    "memorysetup-cache-allocator-block-size=4194304"
    "memorysetup-typetree-allocator-block-size=2097152"
    "memorysetup-profiler-bucket-allocator-granularity=16"
    "memorysetup-profiler-bucket-allocator-bucket-count=8"
    "memorysetup-profiler-bucket-allocator-block-size=33554432"
    "memorysetup-profiler-bucket-allocator-block-count=8"
    "memorysetup-profiler-allocator-block-size=16777216"
    "memorysetup-profiler-editor-allocator-block-size=1048576"
    "memorysetup-temp-allocator-size-main=16777216"
    "memorysetup-job-temp-allocator-block-size=2097152"
    "memorysetup-job-temp-allocator-block-size-background=1048576"
    "memorysetup-job-temp-allocator-reduction-small-platforms=262144"
    "memorysetup-temp-allocator-size-background-worker=32768"
    "memorysetup-temp-allocator-size-job-worker=262144"
    "memorysetup-temp-allocator-size-preload-manager=33554432"
    "memorysetup-temp-allocator-size-nav-mesh-worker=65536"
    "memorysetup-temp-allocator-size-audio-worker=65536"
    "memorysetup-temp-allocator-size-cloud-worker=32768"
    "memorysetup-temp-allocator-size-gi-baking-worker=262144"
    "memorysetup-temp-allocator-size-gfx=262144"
Player connection [28688] Host "[IP] 172.18.56.39 [Port] 0 [Flags] 2 [Guid] 1752163527 [EditorId] 1752163527 [Version] 1048832 [Id] WindowsEditor(7,MC11695) [Debug] 1 [PackageName] WindowsEditor [ProjectName] Editor" joined multi-casting on [225.0.0.222:54997]...

Player connection [28688] Host "[IP] 172.18.56.39 [Port] 0 [Flags] 2 [Guid] 1752163527 [EditorId] 1752163527 [Version] 1048832 [Id] WindowsEditor(7,MC11695) [Debug] 1 [PackageName] WindowsEditor [ProjectName] Editor" joined alternative multi-casting on [225.0.0.222:34997]...

Refreshing native plugins compatible for Editor in 89.03 ms, found 6 plugins.
Preloading 0 native plugins for Editor in 0.00 ms.
Initialize engine version: 2022.2.5f1 (551d45108343)
[Subsystems] Discovering subsystems at path C:/Program Files/Unity/Hub/Editor/2022.2.5f1/Editor/Data/Resources/UnitySubsystems
[Subsystems] Discovering subsystems at path C:/DES310/Assets
GfxDevice: creating device client; threaded=0; jobified=0
Direct3D:
    Version:  Direct3D 11.0 [level 11.1]
    Renderer: NVIDIA GeForce GTX 1080 (ID=0x1b80)
    Vendor:   NVIDIA
    VRAM:     8079 MB
    Driver:   31.0.15.1694
Initialize mono
Mono path[0] = 'C:/Program Files/Unity/Hub/Editor/2022.2.5f1/Editor/Data/Managed'
Mono path[1] = 'C:/Program Files/Unity/Hub/Editor/2022.2.5f1/Editor/Data/MonoBleedingEdge/lib/mono/unityjit-win32'
Mono config path = 'C:/Program Files/Unity/Hub/Editor/2022.2.5f1/Editor/Data/MonoBleedingEdge/etc'
Using monoOptions --debugger-agent=transport=dt_socket,embedding=1,server=y,suspend=n,address=127.0.0.1:56320
Begin MonoManager ReloadAssembly
Registering precompiled unity dll's ...
Register platform support module: C:/Program Files/Unity/Hub/Editor/2022.2.5f1/Editor/Data/PlaybackEngines/WebGLSupport/UnityEditor.WebGL.Extensions.dll
Register platform support module: C:/Program Files/Unity/Hub/Editor/2022.2.5f1/Editor/Data/PlaybackEngines/MacStandaloneSupport/UnityEditor.OSXStandalone.Extensions.dll
Register platform support module: C:/Program Files/Unity/Hub/Editor/2022.2.5f1/Editor/Data/PlaybackEngines/AndroidPlayer/UnityEditor.Android.Extensions.dll
Register platform support module: C:/Program Files/Unity/Hub/Editor/2022.2.5f1/Editor/Data/PlaybackEngines/iOSSupport/UnityEditor.iOS.Extensions.dll
Register platform support module: C:/Program Files/Unity/Hub/Editor/2022.2.5f1/Editor/Data/PlaybackEngines/AppleTVSupport/UnityEditor.AppleTV.Extensions.dll
Register platform support module: C:/Program Files/Unity/Hub/Editor/2022.2.5f1/Editor/Data/PlaybackEngines/WindowsStandaloneSupport/UnityEditor.WindowsStandalone.Extensions.dll
Register platform support module: C:/Program Files/Unity/Hub/Editor/2022.2.5f1/Editor/Data/PlaybackEngines/LinuxStandaloneSupport/UnityEditor.LinuxStandalone.Extensions.dll
Register platform support module: C:/Program Files/Unity/Hub/Editor/2022.2.5f1/Editor/Data/PlaybackEngines/MetroSupport/UnityEditor.UWP.Extensions.dll
Registered in 0.111926 seconds.
- Loaded All Assemblies, in  0.830 seconds
Native extension for UWP target not found
Native extension for LinuxStandalone target not found
Native extension for WindowsStandalone target not found
[usbmuxd] Start listen thread
[usbmuxd] Listen thread started
Native extension for AppleTV target not found
[usbmuxd] Start listen thread
[usbmuxd] Listen thread started
Native extension for iOS target not found
Native extension for Android target not found
Android Extension - Scanning For ADB Devices 999 ms
Native extension for OSXStandalone target not found
Native extension for WebGL target not found
Mono: successfully reloaded assembly
- Finished resetting the current domain, in  1.663 seconds
Domain Reload Profiling:
	ReloadAssembly (546ms)
		BeginReloadAssembly (237ms)
			ExecutionOrderSort (0ms)
			DisableScriptedObjects (0ms)
			BackupInstance (0ms)
			ReleaseScriptingObjects (0ms)
			CreateAndSetChildDomain (1ms)
		LoadAllAssembliesAndSetupDomain (0ms)
			LoadAssemblies (241ms)
			RebuildTransferFunctionScriptingTraits (0ms)
			SetupTypeCache (238ms)
				TypeCache.Initialize (237ms)
					TypeCache.ScanAssembly (236ms)
				ResolveRequiredComponents (0ms)
		FinalizeReload (0ms)
			ReleaseScriptCaches (0ms)
			RebuildScriptCaches (0ms)
			SetupLoadedEditorAssemblies (1581ms)
				LogAssemblyErrors (0ms)
				InitializePlatformSupportModulesInManaged (1271ms)
				SetLoadedEditorAssemblies (10ms)
				RefreshPlugins (0ms)
				BeforeProcessingInitializeOnLoad (4ms)
				ProcessInitializeOnLoadAttributes (187ms)
				ProcessInitializeOnLoadMethodAttributes (109ms)
				AfterProcessingInitializeOnLoad (0ms)
				EditorAssembliesLoaded (0ms)
			ExecutionOrderSort2 (0ms)
			AwakeInstancesAfterBackupRestoration (0ms)
========================================================================
Worker process is ready to serve import requests
Begin MonoManager ReloadAssembly
Symbol file LoadedFromMemory doesn't match image C:\DES310\Library\PackageCache\com.unity.visualscripting@1.8.0\Editor\VisualScripting.Core\Dependencies\YamlDotNet\Unity.VisualScripting.YamlDotNet.dll
Symbol file LoadedFromMemory doesn't match image C:\DES310\Library\PackageCache\com.unity.visualscripting@1.8.0\Editor\VisualScripting.Core\Dependencies\DotNetZip\Unity.VisualScripting.IonicZip.dll
- Loaded All Assemblies, in  2.586 seconds
Refreshing native plugins compatible for Editor in 58.55 ms, found 6 plugins.
Native extension for UWP target not found
Native extension for LinuxStandalone target not found
Native extension for WindowsStandalone target not found
Native extension for AppleTV target not found
Native extension for iOS target not found
Native extension for Android target not found
Native extension for OSXStandalone target not found
Native extension for WebGL target not found
Package Manager log level set to [2]
[Package Manager] Server::EnsureServerProcessIsRunning -- launch failed, reason: Unity was launched with the -noUpm command-line argument
[Package Manager] UpmClient::Send -- Unable to send message (not connected to UPM process).
[Package Manager] Cannot connect to Unity Package Manager local server
Mono: successfully reloaded assembly
[Package Manager] Server::EnsureServerProcessIsRunning -- launch failed, reason: Unity was launched with the -noUpm command-line argument
[Package Manager] UpmClient::Send -- Unable to send message (not connected to UPM process).
[Package Manager] Cannot connect to Unity Package Manager local server
[Package Manager] Server::EnsureServerProcessIsRunning -- launch failed, reason: Unity was launched with the -noUpm command-line argument
[Package Manager] UpmClient::Send -- Unable to send message (not connected to UPM process).
[Package Manager] Cannot connect to Unity Package Manager local server
- Finished resetting the current domain, in  1.380 seconds
Domain Reload Profiling:
	ReloadAssembly (504ms)
		BeginReloadAssembly (307ms)
			ExecutionOrderSort (0ms)
			DisableScriptedObjects (9ms)
			BackupInstance (0ms)
			ReleaseScriptingObjects (0ms)
			CreateAndSetChildDomain (33ms)
		LoadAllAssembliesAndSetupDomain (2058ms)
			LoadAssemblies (1231ms)
			RebuildTransferFunctionScriptingTraits (0ms)
			SetupTypeCache (993ms)
				TypeCache.Initialize (627ms)
					TypeCache.ScanAssembly (620ms)
				ResolveRequiredComponents (18ms)
		FinalizeReload (0ms)
			ReleaseScriptCaches (0ms)
			RebuildScriptCaches (0ms)
			SetupLoadedEditorAssemblies (1034ms)
				LogAssemblyErrors (0ms)
				InitializePlatformSupportModulesInManaged (144ms)
				SetLoadedEditorAssemblies (5ms)
				RefreshPlugins (0ms)
				BeforeProcessingInitializeOnLoad (207ms)
				ProcessInitializeOnLoadAttributes (533ms)
				ProcessInitializeOnLoadMethodAttributes (105ms)
				AfterProcessingInitializeOnLoad (39ms)
				EditorAssembliesLoaded (0ms)
			ExecutionOrderSort2 (0ms)
			AwakeInstancesAfterBackupRestoration (32ms)
Launched and connected shader compiler UnityShaderCompiler.exe after 0.16 seconds
Refreshing native plugins compatible for Editor in 56.05 ms, found 6 plugins.
Preloading 0 native plugins for Editor in 0.00 ms.
Unloading 6364 Unused Serialized files (Serialized files now loaded: 0)
Unloading 44 unused Assets / (1.8 MB). Loaded Objects now: 6823.
Memory consumption went from 0.96 GB to 0.96 GB.
Total: 7.531100 ms (FindLiveObjects: 0.646200 ms CreateObjectMapping: 1.092200 ms MarkObjects: 4.743500 ms  DeleteObjects: 1.047800 ms)

AssetImportParameters requested are different than current active one (requested -> active):
  custom:container-demuxer-ogg: 62fdf1f143b41e24485cea50d1cbac27 -> 
  custom:framework-win-MediaFoundation: 216162199b28c13a410421893ffa2e32 -> 
  custom:container-muxer-webm: aa71ff27fc2769a1b78a27578f13a17b -> 
  custom:video-decoder-webm-vp8: 9c59270c3fd7afecdb556c50c9e8de78 -> 
  custom:AudioImporter_EditorPlatform: d09bf68614088b80899f8185d706f6e7 -> 
  custom:audio-decoder-ogg-vorbis: bf7c407c2cedff20999df2af8eb42d56 -> 
  custom:audio-encoder-webm-vorbis: bf7c407c2cedff20999df2af8eb42d56 -> 
  custom:video-decoder-ogg-theora: a1e56fd34408186e4bbccfd4996cb3dc -> 
  custom:container-demuxer-webm: 4f35f7cbe854078d1ac9338744f61a02 -> 
  custom:video-encoder-webm-vp8: eb34c28f22e8b96e1ab97ce403110664 -> 
========================================================================
Received Prepare
Begin MonoManager ReloadAssembly
Symbol file LoadedFromMemory doesn't match image C:\DES310\Library\PackageCache\com.unity.visualscripting@1.8.0\Editor\VisualScripting.Core\Dependencies\YamlDotNet\Unity.VisualScripting.YamlDotNet.dll
Symbol file LoadedFromMemory doesn't match image C:\DES310\Library\PackageCache\com.unity.visualscripting@1.8.0\Editor\VisualScripting.Core\Dependencies\DotNetZip\Unity.VisualScripting.IonicZip.dll
- Loaded All Assemblies, in  3.002 seconds
Refreshing native plugins compatible for Editor in 91.29 ms, found 6 plugins.
Native extension for UWP target not found
Native extension for LinuxStandalone target not found
Native extension for WindowsStandalone target not found
Native extension for AppleTV target not found
Native extension for iOS target not found
Native extension for Android target not found
Native extension for OSXStandalone target not found
Native extension for WebGL target not found
[Package Manager] Server::EnsureServerProcessIsRunning -- launch failed, reason: Unity was launched with the -noUpm command-line argument
[Package Manager] UpmClient::Send -- Unable to send message (not connected to UPM process).
[Package Manager] Cannot connect to Unity Package Manager local server
Mono: successfully reloaded assembly
[Package Manager] Server::EnsureServerProcessIsRunning -- launch failed, reason: Unity was launched with the -noUpm command-line argument
[Package Manager] UpmClient::Send -- Unable to send message (not connected to UPM process).
[Package Manager] Cannot connect to Unity Package Manager local server
- Finished resetting the current domain, in  6.178 seconds
Domain Reload Profiling:
	ReloadAssembly (624ms)
		BeginReloadAssembly (432ms)
			ExecutionOrderSort (0ms)
			DisableScriptedObjects (10ms)
			BackupInstance (0ms)
			ReleaseScriptingObjects (0ms)
			CreateAndSetChildDomain (104ms)
		LoadAllAssembliesAndSetupDomain (2349ms)
			LoadAssemblies (1426ms)
			RebuildTransferFunctionScriptingTraits (0ms)
			SetupTypeCache (1108ms)
				TypeCache.Initialize (668ms)
					TypeCache.ScanAssembly (654ms)
				ResolveRequiredComponents (26ms)
		FinalizeReload (0ms)
			ReleaseScriptCaches (0ms)
			RebuildScriptCaches (0ms)
			SetupLoadedEditorAssemblies (1038ms)
				LogAssemblyErrors (0ms)
				InitializePlatformSupportModulesInManaged (151ms)
				SetLoadedEditorAssemblies (7ms)
				RefreshPlugins (0ms)
				BeforeProcessingInitializeOnLoad (268ms)
				ProcessInitializeOnLoadAttributes (470ms)
				ProcessInitializeOnLoadMethodAttributes (107ms)
				AfterProcessingInitializeOnLoad (36ms)
				EditorAssembliesLoaded (0ms)
			ExecutionOrderSort2 (0ms)
			AwakeInstancesAfterBackupRestoration (38ms)
Refreshing native plugins compatible for Editor in 61.82 ms, found 6 plugins.
Preloading 0 native plugins for Editor in 0.00 ms.
Unloading 6185 Unused Serialized files (Serialized files now loaded: 0)
Unloading 35 unused Assets / (1.8 MB). Loaded Objects now: 6828.
Memory consumption went from 0.93 GB to 0.93 GB.
Total: 6.726800 ms (FindLiveObjects: 0.565400 ms CreateObjectMapping: 0.699900 ms MarkObjects: 4.555900 ms  DeleteObjects: 0.904400 ms)

Prepare: number of updated asset objects reloaded= 0
AssetImportParameters requested are different than current active one (requested -> active):
  custom:container-demuxer-ogg: 62fdf1f143b41e24485cea50d1cbac27 -> 
  custom:framework-win-MediaFoundation: 216162199b28c13a410421893ffa2e32 -> 
  custom:container-muxer-webm: aa71ff27fc2769a1b78a27578f13a17b -> 
  custom:video-decoder-webm-vp8: 9c59270c3fd7afecdb556c50c9e8de78 -> 
  custom:AudioImporter_EditorPlatform: d09bf68614088b80899f8185d706f6e7 -> 
  custom:audio-decoder-ogg-vorbis: bf7c407c2cedff20999df2af8eb42d56 -> 
  custom:audio-encoder-webm-vorbis: bf7c407c2cedff20999df2af8eb42d56 -> 
  custom:video-decoder-ogg-theora: a1e56fd34408186e4bbccfd4996cb3dc -> 
  custom:container-demuxer-webm: 4f35f7cbe854078d1ac9338744f61a02 -> 
  custom:video-encoder-webm-vp8: eb34c28f22e8b96e1ab97ce403110664 -> 
========================================================================
Received Import Request.
  Time since last request: 31526.556486 seconds.
  path: Assets/UniversalRenderPipelineGlobalSettings.asset
  artifactKey: Guid(87152ab5a23462f4d962bf6bd2fe4a76) Importer(815301076,1909f56bfc062723c751e8b465ee728b)
Start importing Assets/UniversalRenderPipelineGlobalSettings.asset using Guid(87152ab5a23462f4d962bf6bd2fe4a76) Importer(815301076,1909f56bfc062723c751e8b465ee728b)  -> (artifact id: '9ea56fa6961dc7b446de32b57fd06169') in 0.020090 seconds 
Number of updated asset objects reloaded before import = 0
Number of asset objects unloaded after import = 1
========================================================================
Received Import Request.
  Time since last request: 13.902619 seconds.
  path: Assets/Dialogue/Text Prefabs/OnLoad/TileText 1.prefab
  artifactKey: Guid(5cdd44efbbaf7f54d9739b7a79ef8ede) Importer(815301076,1909f56bfc062723c751e8b465ee728b)
Start importing Assets/Dialogue/Text Prefabs/OnLoad/TileText 1.prefab using Guid(5cdd44efbbaf7f54d9739b7a79ef8ede) Importer(815301076,1909f56bfc062723c751e8b465ee728b)  -> (artifact id: 'd0efc8b63e373188a4e571f1f5caeed2') in 0.026559 seconds 
Number of updated asset objects reloaded before import = 0
Number of asset objects unloaded after import = 5
========================================================================
Received Import Request.
  Time since last request: 0.000017 seconds.
  path: Assets/Dialogue/Text Prefabs/OnLoad/TileText 4.prefab
  artifactKey: Guid(42a2e884dff8fc047b1452acffb3fc2a) Importer(815301076,1909f56bfc062723c751e8b465ee728b)
Start importing Assets/Dialogue/Text Prefabs/OnLoad/TileText 4.prefab using Guid(42a2e884dff8fc047b1452acffb3fc2a) Importer(815301076,1909f56bfc062723c751e8b465ee728b)  -> (artifact id: '6a6195985c3ddc54cc0cd779e9f73749') in 0.006720 seconds 
Number of updated asset objects reloaded before import = 0
Number of asset objects unloaded after import = 5
========================================================================
Received Import Request.
  Time since last request: 0.000018 seconds.
  path: Assets/Dialogue/Text Prefabs/OnLoad/TileText 3.prefab
  artifactKey: Guid(15c518020e5a2c343bd6240a6264b868) Importer(815301076,1909f56bfc062723c751e8b465ee728b)
Start importing Assets/Dialogue/Text Prefabs/OnLoad/TileText 3.prefab using Guid(15c518020e5a2c343bd6240a6264b868) Importer(815301076,1909f56bfc062723c751e8b465ee728b)  -> (artifact id: 'f58796242477e5aa01ef26800c15c32f') in 0.006052 seconds 
Number of updated asset objects reloaded before import = 0
Number of asset objects unloaded after import = 5
========================================================================
Received Import Request.
  Time since last request: 423.357451 seconds.
  path: Assets/Dialogue/Text Prefabs/CrabDialogues/CrabDiag2.prefab
  artifactKey: Guid(3360515b015379240b88c2dd4431209b) Importer(815301076,1909f56bfc062723c751e8b465ee728b)
Start importing Assets/Dialogue/Text Prefabs/CrabDialogues/CrabDiag2.prefab using Guid(3360515b015379240b88c2dd4431209b) Importer(815301076,1909f56bfc062723c751e8b465ee728b)  -> (artifact id: 'e7bec574cf59b38fb580a212fe5f071c') in 0.007725 seconds 
Number of updated asset objects reloaded before import = 0
Number of asset objects unloaded after import = 8
========================================================================
Received Import Request.
  Time since last request: 57.142754 seconds.
  path: Assets/Popups/Items/Boxers (+1).prefab
  artifactKey: Guid(1514778990179104b8a4150098e8cbb5) Importer(815301076,1909f56bfc062723c751e8b465ee728b)
Start importing Assets/Popups/Items/Boxers (+1).prefab using Guid(1514778990179104b8a4150098e8cbb5) Importer(815301076,1909f56bfc062723c751e8b465ee728b)  -> (artifact id: '9cef96602e1e2f76adb3aa6eb78d23ca') in 0.019850 seconds 
Number of updated asset objects reloaded before import = 0
Number of asset objects unloaded after import = 12
========================================================================
Received Import Request.
  Time since last request: 0.000033 seconds.
  path: Assets/Popups/Items/Holy Guardian Chestplate (+3).prefab
  artifactKey: Guid(57b97748522523142ba3d81dfca97711) Importer(815301076,1909f56bfc062723c751e8b465ee728b)
Start importing Assets/Popups/Items/Holy Guardian Chestplate (+3).prefab using Guid(57b97748522523142ba3d81dfca97711) Importer(815301076,1909f56bfc062723c751e8b465ee728b)  -> (artifact id: '7c2a0ca062be3cd28a1c697dc76662c1') in 0.012877 seconds 
Number of updated asset objects reloaded before import = 0
Number of asset objects unloaded after import = 13
========================================================================
Received Import Request.
  Time since last request: 0.000036 seconds.
  path: Assets/Popups/Items/Padded Armour (+2).prefab
  artifactKey: Guid(0ae4b05b0e8a3494baddf4d69dbe8318) Importer(815301076,1909f56bfc062723c751e8b465ee728b)
Start importing Assets/Popups/Items/Padded Armour (+2).prefab using Guid(0ae4b05b0e8a3494baddf4d69dbe8318) Importer(815301076,1909f56bfc062723c751e8b465ee728b)  -> (artifact id: '70f8fc500747aa32716a71554ad7c6b2') in 0.017915 seconds 
Number of updated asset objects reloaded before import = 0
Number of asset objects unloaded after import = 12
========================================================================
Received Import Request.
  Time since last request: 0.000025 seconds.
  path: Assets/Popups/Items/Carton of eggs (+1).prefab
  artifactKey: Guid(7e260e9f8db9c4e4398326d9a0c4b178) Importer(815301076,1909f56bfc062723c751e8b465ee728b)
Start importing Assets/Popups/Items/Carton of eggs (+1).prefab using Guid(7e260e9f8db9c4e4398326d9a0c4b178) Importer(815301076,1909f56bfc062723c751e8b465ee728b)  -> (artifact id: '0c0f5b50c240911cdda4ad88eff3e77a') in 0.007933 seconds 
Number of updated asset objects reloaded before import = 0
Number of asset objects unloaded after import = 12
========================================================================
Received Import Request.
  Time since last request: 0.000013 seconds.
  path: Assets/Popups/Items/Ethically Sourced Boots (+2).prefab
  artifactKey: Guid(728da7e5a583f9440a092428f5aadc4b) Importer(815301076,1909f56bfc062723c751e8b465ee728b)
Start importing Assets/Popups/Items/Ethically Sourced Boots (+2).prefab using Guid(728da7e5a583f9440a092428f5aadc4b) Importer(815301076,1909f56bfc062723c751e8b465ee728b)  -> (artifact id: '2bb0e03be19c2a983f36ee64c34913d3') in 0.008661 seconds 
Number of updated asset objects reloaded before import = 0
Number of asset objects unloaded after import = 12
========================================================================
Received Import Request.
  Time since last request: 0.000106 seconds.
  path: Assets/Popups/Items/Stone Shorts (+3).prefab
  artifactKey: Guid(08a1234cfc811714fb034c4d22b69bd5) Importer(815301076,1909f56bfc062723c751e8b465ee728b)
Start importing Assets/Popups/Items/Stone Shorts (+3).prefab using Guid(08a1234cfc811714fb034c4d22b69bd5) Importer(815301076,1909f56bfc062723c751e8b465ee728b)  -> (artifact id: 'f8c76d5084261ddf15c003a77ad057e0') in 0.008255 seconds 
Number of updated asset objects reloaded before import = 0
Number of asset objects unloaded after import = 12
========================================================================
Received Import Request.
  Time since last request: 0.000020 seconds.
  path: Assets/Popups/Items/Dragon.prefab
  artifactKey: Guid(0a193f207fae9ce4680e78b9006ac728) Importer(815301076,1909f56bfc062723c751e8b465ee728b)
Start importing Assets/Popups/Items/Dragon.prefab using Guid(0a193f207fae9ce4680e78b9006ac728) Importer(815301076,1909f56bfc062723c751e8b465ee728b)  -> (artifact id: '37dc05f2745ec9e446a1ee64b6a668b3') in 0.010232 seconds 
Number of updated asset objects reloaded before import = 0
Number of asset objects unloaded after import = 12
========================================================================
Received Import Request.
  Time since last request: 0.000014 seconds.
  path: Assets/Popups/Items/Soldiers Chestplate (+2).prefab
  artifactKey: Guid(7654ec23077dcaf46b46dae0983777ca) Importer(815301076,1909f56bfc062723c751e8b465ee728b)
Start importing Assets/Popups/Items/Soldiers Chestplate (+2).prefab using Guid(7654ec23077dcaf46b46dae0983777ca) Importer(815301076,1909f56bfc062723c751e8b465ee728b)  -> (artifact id: 'cfb2fdb0846ab02d8746cbf9dbe72dd9') in 0.007334 seconds 
Number of updated asset objects reloaded before import = 0
Number of asset objects unloaded after import = 12
========================================================================
Received Import Request.
  Time since last request: 0.000014 seconds.
  path: Assets/Popups/Items/Giant enemy crab.prefab
  artifactKey: Guid(1a1b3036f037ddc4ebf231c1e8813541) Importer(815301076,1909f56bfc062723c751e8b465ee728b)
Start importing Assets/Popups/Items/Giant enemy crab.prefab using Guid(1a1b3036f037ddc4ebf231c1e8813541) Importer(815301076,1909f56bfc062723c751e8b465ee728b)  -> (artifact id: 'f290a35176e1543e1afa93a02074e717') in 0.013418 seconds 
Number of updated asset objects reloaded before import = 0
Number of asset objects unloaded after import = 16
========================================================================
Received Import Request.
  Time since last request: 0.000020 seconds.
  path: Assets/Popups/Items/Encounter Card.prefab
  artifactKey: Guid(8e49e5e11ef85db4ebd48aa5c3e67c87) Importer(815301076,1909f56bfc062723c751e8b465ee728b)
Start importing Assets/Popups/Items/Encounter Card.prefab using Guid(8e49e5e11ef85db4ebd48aa5c3e67c87) Importer(815301076,1909f56bfc062723c751e8b465ee728b)  -> (artifact id: 'd36f0df5d82e797bb6627b889ea5dcfb') in 0.010005 seconds 
Number of updated asset objects reloaded before import = 0
Number of asset objects unloaded after import = 12
========================================================================
Received Import Request.
  Time since last request: 0.000029 seconds.
  path: Assets/Popups/Items/Broccoli Horse.prefab
  artifactKey: Guid(99f76039bec3c3e4dabd0a41f1460b77) Importer(815301076,1909f56bfc062723c751e8b465ee728b)
Start importing Assets/Popups/Items/Broccoli Horse.prefab using Guid(99f76039bec3c3e4dabd0a41f1460b77) Importer(815301076,1909f56bfc062723c751e8b465ee728b)  -> (artifact id: '469f897e155113a81190a2116f48a7eb') in 0.008538 seconds 
Number of updated asset objects reloaded before import = 0
Number of asset objects unloaded after import = 12
========================================================================
Received Import Request.
  Time since last request: 0.000020 seconds.
  path: Assets/Popups/Items/Ogre.prefab
  artifactKey: Guid(0837bd16957e20b47b3499d3976b86e2) Importer(815301076,1909f56bfc062723c751e8b465ee728b)
Start importing Assets/Popups/Items/Ogre.prefab using Guid(0837bd16957e20b47b3499d3976b86e2) Importer(815301076,1909f56bfc062723c751e8b465ee728b)  -> (artifact id: '5a0a72ce522ed3b3e2b89838bc10fe61') in 0.008792 seconds 
Number of updated asset objects reloaded before import = 0
Number of asset objects unloaded after import = 12
========================================================================
Received Import Request.
  Time since last request: 0.000019 seconds.
  path: Assets/Popups/Items/SwordTestItem.prefab
  artifactKey: Guid(d4ee2c82f87198b4893c85789d5249a6) Importer(815301076,1909f56bfc062723c751e8b465ee728b)
Start importing Assets/Popups/Items/SwordTestItem.prefab using Guid(d4ee2c82f87198b4893c85789d5249a6) Importer(815301076,1909f56bfc062723c751e8b465ee728b)  -> (artifact id: 'bb70316031ce521e2f6266ce2176881a') in 0.007894 seconds 
Number of updated asset objects reloaded before import = 0
Number of asset objects unloaded after import = 11
========================================================================
Received Import Request.
  Time since last request: 0.000036 seconds.
  path: Assets/Popups/Items/Breakfast Slime.prefab
  artifactKey: Guid(aa454360b3ec9f941b002d057507f73e) Importer(815301076,1909f56bfc062723c751e8b465ee728b)
Start importing Assets/Popups/Items/Breakfast Slime.prefab using Guid(aa454360b3ec9f941b002d057507f73e) Importer(815301076,1909f56bfc062723c751e8b465ee728b)  -> (artifact id: 'ef4f33c80322eeff1a56c58905df2cfe') in 0.008170 seconds 
Number of updated asset objects reloaded before import = 0
Number of asset objects unloaded after import = 12
