Using pre-set license
Built from '2022.2/staging' branch; Version is '2022.2.5f1 (551d45108343) revision 5578053'; Using compiler version '192829333'; Build Type 'Release'
OS: 'Windows 10  (10.0.19045) 64bit Enterprise' Language: 'en' Physical Memory: 32643 MB
BatchMode: 1, IsHumanControllingUs: 0, StartBugReporterOnCrash: 0, Is64bit: 1, IsPro: 1

COMMAND LINE ARGUMENTS:
C:\Program Files\Unity\Hub\Editor\2022.2.5f1\Editor\Unity.exe
-adb2
-batchMode
-noUpm
-name
AssetImportWorker0
-projectPath
C:/DES310
-logFile
Logs/AssetImportWorker0.log
-srvPort
62318
Successfully changed project path to: C:/DES310
C:/DES310
[UnityMemory] Configuration Parameters - Can be set up in boot.config
    "memorysetup-bucket-allocator-granularity=16"
    "memorysetup-bucket-allocator-bucket-count=8"
    "memorysetup-bucket-allocator-block-size=33554432"
    "memorysetup-bucket-allocator-block-count=8"
    "memorysetup-main-allocator-block-size=16777216"
    "memorysetup-thread-allocator-block-size=16777216"
    "memorysetup-gfx-main-allocator-block-size=16777216"
    "memorysetup-gfx-thread-allocator-block-size=16777216"
    "memorysetup-cache-allocator-block-size=4194304"
    "memorysetup-typetree-allocator-block-size=2097152"
    "memorysetup-profiler-bucket-allocator-granularity=16"
    "memorysetup-profiler-bucket-allocator-bucket-count=8"
    "memorysetup-profiler-bucket-allocator-block-size=33554432"
    "memorysetup-profiler-bucket-allocator-block-count=8"
    "memorysetup-profiler-allocator-block-size=16777216"
    "memorysetup-profiler-editor-allocator-block-size=1048576"
    "memorysetup-temp-allocator-size-main=16777216"
    "memorysetup-job-temp-allocator-block-size=2097152"
    "memorysetup-job-temp-allocator-block-size-background=1048576"
    "memorysetup-job-temp-allocator-reduction-small-platforms=262144"
    "memorysetup-temp-allocator-size-background-worker=32768"
    "memorysetup-temp-allocator-size-job-worker=262144"
    "memorysetup-temp-allocator-size-preload-manager=33554432"
    "memorysetup-temp-allocator-size-nav-mesh-worker=65536"
    "memorysetup-temp-allocator-size-audio-worker=65536"
    "memorysetup-temp-allocator-size-cloud-worker=32768"
    "memorysetup-temp-allocator-size-gi-baking-worker=262144"
    "memorysetup-temp-allocator-size-gfx=262144"
Player connection [28844] Host "[IP] 172.18.56.39 [Port] 0 [Flags] 2 [Guid] 542317429 [EditorId] 542317429 [Version] 1048832 [Id] WindowsEditor(7,MC11695) [Debug] 1 [PackageName] WindowsEditor [ProjectName] Editor" joined multi-casting on [225.0.0.222:54997]...

Player connection [28844] Host "[IP] 172.18.56.39 [Port] 0 [Flags] 2 [Guid] 542317429 [EditorId] 542317429 [Version] 1048832 [Id] WindowsEditor(7,MC11695) [Debug] 1 [PackageName] WindowsEditor [ProjectName] Editor" joined alternative multi-casting on [225.0.0.222:34997]...

Refreshing native plugins compatible for Editor in 87.64 ms, found 6 plugins.
Preloading 0 native plugins for Editor in 0.00 ms.
Initialize engine version: 2022.2.5f1 (551d45108343)
[Subsystems] Discovering subsystems at path C:/Program Files/Unity/Hub/Editor/2022.2.5f1/Editor/Data/Resources/UnitySubsystems
[Subsystems] Discovering subsystems at path C:/DES310/Assets
GfxDevice: creating device client; threaded=0; jobified=0
Direct3D:
    Version:  Direct3D 11.0 [level 11.1]
    Renderer: NVIDIA GeForce GTX 1080 (ID=0x1b80)
    Vendor:   NVIDIA
    VRAM:     8079 MB
    Driver:   31.0.15.1694
Initialize mono
Mono path[0] = 'C:/Program Files/Unity/Hub/Editor/2022.2.5f1/Editor/Data/Managed'
Mono path[1] = 'C:/Program Files/Unity/Hub/Editor/2022.2.5f1/Editor/Data/MonoBleedingEdge/lib/mono/unityjit-win32'
Mono config path = 'C:/Program Files/Unity/Hub/Editor/2022.2.5f1/Editor/Data/MonoBleedingEdge/etc'
Using monoOptions --debugger-agent=transport=dt_socket,embedding=1,server=y,suspend=n,address=127.0.0.1:56516
Begin MonoManager ReloadAssembly
Registering precompiled unity dll's ...
Register platform support module: C:/Program Files/Unity/Hub/Editor/2022.2.5f1/Editor/Data/PlaybackEngines/WebGLSupport/UnityEditor.WebGL.Extensions.dll
Register platform support module: C:/Program Files/Unity/Hub/Editor/2022.2.5f1/Editor/Data/PlaybackEngines/MacStandaloneSupport/UnityEditor.OSXStandalone.Extensions.dll
Register platform support module: C:/Program Files/Unity/Hub/Editor/2022.2.5f1/Editor/Data/PlaybackEngines/AndroidPlayer/UnityEditor.Android.Extensions.dll
Register platform support module: C:/Program Files/Unity/Hub/Editor/2022.2.5f1/Editor/Data/PlaybackEngines/iOSSupport/UnityEditor.iOS.Extensions.dll
Register platform support module: C:/Program Files/Unity/Hub/Editor/2022.2.5f1/Editor/Data/PlaybackEngines/AppleTVSupport/UnityEditor.AppleTV.Extensions.dll
Register platform support module: C:/Program Files/Unity/Hub/Editor/2022.2.5f1/Editor/Data/PlaybackEngines/WindowsStandaloneSupport/UnityEditor.WindowsStandalone.Extensions.dll
Register platform support module: C:/Program Files/Unity/Hub/Editor/2022.2.5f1/Editor/Data/PlaybackEngines/LinuxStandaloneSupport/UnityEditor.LinuxStandalone.Extensions.dll
Register platform support module: C:/Program Files/Unity/Hub/Editor/2022.2.5f1/Editor/Data/PlaybackEngines/MetroSupport/UnityEditor.UWP.Extensions.dll
Registered in 0.105683 seconds.
- Loaded All Assemblies, in  0.825 seconds
Native extension for UWP target not found
Native extension for LinuxStandalone target not found
Native extension for WindowsStandalone target not found
[usbmuxd] Start listen thread
[usbmuxd] Listen thread started
Native extension for AppleTV target not found
[usbmuxd] Start listen thread
[usbmuxd] Listen thread started
Native extension for iOS target not found
Native extension for Android target not found
Android Extension - Scanning For ADB Devices 986 ms
Native extension for OSXStandalone target not found
Native extension for WebGL target not found
Mono: successfully reloaded assembly
- Finished resetting the current domain, in  1.602 seconds
Domain Reload Profiling:
	ReloadAssembly (536ms)
		BeginReloadAssembly (233ms)
			ExecutionOrderSort (0ms)
			DisableScriptedObjects (0ms)
			BackupInstance (0ms)
			ReleaseScriptingObjects (0ms)
			CreateAndSetChildDomain (1ms)
		LoadAllAssembliesAndSetupDomain (0ms)
			LoadAssemblies (239ms)
			RebuildTransferFunctionScriptingTraits (0ms)
			SetupTypeCache (243ms)
				TypeCache.Initialize (243ms)
					TypeCache.ScanAssembly (241ms)
				ResolveRequiredComponents (0ms)
		FinalizeReload (0ms)
			ReleaseScriptCaches (0ms)
			RebuildScriptCaches (0ms)
			SetupLoadedEditorAssemblies (1529ms)
				LogAssemblyErrors (0ms)
				InitializePlatformSupportModulesInManaged (1239ms)
				SetLoadedEditorAssemblies (5ms)
				RefreshPlugins (0ms)
				BeforeProcessingInitializeOnLoad (2ms)
				ProcessInitializeOnLoadAttributes (195ms)
				ProcessInitializeOnLoadMethodAttributes (88ms)
				AfterProcessingInitializeOnLoad (0ms)
				EditorAssembliesLoaded (0ms)
			ExecutionOrderSort2 (0ms)
			AwakeInstancesAfterBackupRestoration (0ms)
========================================================================
Worker process is ready to serve import requests
Begin MonoManager ReloadAssembly
Symbol file LoadedFromMemory doesn't match image C:\DES310\Library\PackageCache\com.unity.visualscripting@1.8.0\Editor\VisualScripting.Core\Dependencies\YamlDotNet\Unity.VisualScripting.YamlDotNet.dll
Symbol file LoadedFromMemory doesn't match image C:\DES310\Library\PackageCache\com.unity.visualscripting@1.8.0\Editor\VisualScripting.Core\Dependencies\DotNetZip\Unity.VisualScripting.IonicZip.dll
- Loaded All Assemblies, in  2.563 seconds
Refreshing native plugins compatible for Editor in 55.11 ms, found 6 plugins.
Native extension for UWP target not found
Native extension for LinuxStandalone target not found
Native extension for WindowsStandalone target not found
Native extension for AppleTV target not found
Native extension for iOS target not found
Native extension for Android target not found
Native extension for OSXStandalone target not found
Native extension for WebGL target not found
Package Manager log level set to [2]
[Package Manager] Server::EnsureServerProcessIsRunning -- launch failed, reason: Unity was launched with the -noUpm command-line argument
[Package Manager] UpmClient::Send -- Unable to send message (not connected to UPM process).
[Package Manager] Cannot connect to Unity Package Manager local server
Mono: successfully reloaded assembly
[Package Manager] Server::EnsureServerProcessIsRunning -- launch failed, reason: Unity was launched with the -noUpm command-line argument
[Package Manager] UpmClient::Send -- Unable to send message (not connected to UPM process).
[Package Manager] Cannot connect to Unity Package Manager local server
[Package Manager] Server::EnsureServerProcessIsRunning -- launch failed, reason: Unity was launched with the -noUpm command-line argument
[Package Manager] UpmClient::Send -- Unable to send message (not connected to UPM process).
[Package Manager] Cannot connect to Unity Package Manager local server
- Finished resetting the current domain, in  1.347 seconds
Domain Reload Profiling:
	ReloadAssembly (505ms)
		BeginReloadAssembly (304ms)
			ExecutionOrderSort (0ms)
			DisableScriptedObjects (8ms)
			BackupInstance (0ms)
			ReleaseScriptingObjects (0ms)
			CreateAndSetChildDomain (32ms)
		LoadAllAssembliesAndSetupDomain (2034ms)
			LoadAssemblies (1214ms)
			RebuildTransferFunctionScriptingTraits (0ms)
			SetupTypeCache (984ms)
				TypeCache.Initialize (611ms)
					TypeCache.ScanAssembly (604ms)
				ResolveRequiredComponents (22ms)
		FinalizeReload (0ms)
			ReleaseScriptCaches (0ms)
			RebuildScriptCaches (0ms)
			SetupLoadedEditorAssemblies (1017ms)
				LogAssemblyErrors (0ms)
				InitializePlatformSupportModulesInManaged (148ms)
				SetLoadedEditorAssemblies (4ms)
				RefreshPlugins (0ms)
				BeforeProcessingInitializeOnLoad (207ms)
				ProcessInitializeOnLoadAttributes (519ms)
				ProcessInitializeOnLoadMethodAttributes (108ms)
				AfterProcessingInitializeOnLoad (31ms)
				EditorAssembliesLoaded (0ms)
			ExecutionOrderSort2 (0ms)
			AwakeInstancesAfterBackupRestoration (32ms)
Launched and connected shader compiler UnityShaderCompiler.exe after 0.15 seconds
Refreshing native plugins compatible for Editor in 56.09 ms, found 6 plugins.
Preloading 0 native plugins for Editor in 0.00 ms.
Unloading 6364 Unused Serialized files (Serialized files now loaded: 0)
Unloading 44 unused Assets / (1.8 MB). Loaded Objects now: 6823.
Memory consumption went from 0.96 GB to 0.96 GB.
Total: 8.132700 ms (FindLiveObjects: 0.666300 ms CreateObjectMapping: 1.257600 ms MarkObjects: 5.221200 ms  DeleteObjects: 0.986400 ms)

AssetImportParameters requested are different than current active one (requested -> active):
  custom:container-demuxer-ogg: 62fdf1f143b41e24485cea50d1cbac27 -> 
  custom:framework-win-MediaFoundation: 216162199b28c13a410421893ffa2e32 -> 
  custom:container-muxer-webm: aa71ff27fc2769a1b78a27578f13a17b -> 
  custom:video-decoder-webm-vp8: 9c59270c3fd7afecdb556c50c9e8de78 -> 
  custom:AudioImporter_EditorPlatform: d09bf68614088b80899f8185d706f6e7 -> 
  custom:audio-decoder-ogg-vorbis: bf7c407c2cedff20999df2af8eb42d56 -> 
  custom:audio-encoder-webm-vorbis: bf7c407c2cedff20999df2af8eb42d56 -> 
  custom:video-decoder-ogg-theora: a1e56fd34408186e4bbccfd4996cb3dc -> 
  custom:container-demuxer-webm: 4f35f7cbe854078d1ac9338744f61a02 -> 
  custom:video-encoder-webm-vp8: eb34c28f22e8b96e1ab97ce403110664 -> 
========================================================================
Received Prepare
Begin MonoManager ReloadAssembly
Symbol file LoadedFromMemory doesn't match image C:\DES310\Library\PackageCache\com.unity.visualscripting@1.8.0\Editor\VisualScripting.Core\Dependencies\YamlDotNet\Unity.VisualScripting.YamlDotNet.dll
Symbol file LoadedFromMemory doesn't match image C:\DES310\Library\PackageCache\com.unity.visualscripting@1.8.0\Editor\VisualScripting.Core\Dependencies\DotNetZip\Unity.VisualScripting.IonicZip.dll
- Loaded All Assemblies, in  2.978 seconds
Refreshing native plugins compatible for Editor in 63.85 ms, found 6 plugins.
Native extension for UWP target not found
Native extension for LinuxStandalone target not found
Native extension for WindowsStandalone target not found
Native extension for AppleTV target not found
Native extension for iOS target not found
Native extension for Android target not found
Native extension for OSXStandalone target not found
Native extension for WebGL target not found
[Package Manager] Server::EnsureServerProcessIsRunning -- launch failed, reason: Unity was launched with the -noUpm command-line argument
[Package Manager] UpmClient::Send -- Unable to send message (not connected to UPM process).
[Package Manager] Cannot connect to Unity Package Manager local server
Mono: successfully reloaded assembly
[Package Manager] Server::EnsureServerProcessIsRunning -- launch failed, reason: Unity was launched with the -noUpm command-line argument
[Package Manager] UpmClient::Send -- Unable to send message (not connected to UPM process).
[Package Manager] Cannot connect to Unity Package Manager local server
- Finished resetting the current domain, in  6.227 seconds
Domain Reload Profiling:
	ReloadAssembly (665ms)
		BeginReloadAssembly (468ms)
			ExecutionOrderSort (0ms)
			DisableScriptedObjects (5ms)
			BackupInstance (0ms)
			ReleaseScriptingObjects (0ms)
			CreateAndSetChildDomain (115ms)
		LoadAllAssembliesAndSetupDomain (2288ms)
			LoadAssemblies (1423ms)
			RebuildTransferFunctionScriptingTraits (0ms)
			SetupTypeCache (1067ms)
				TypeCache.Initialize (680ms)
					TypeCache.ScanAssembly (668ms)
				ResolveRequiredComponents (18ms)
		FinalizeReload (0ms)
			ReleaseScriptCaches (0ms)
			RebuildScriptCaches (0ms)
			SetupLoadedEditorAssemblies (1090ms)
				LogAssemblyErrors (0ms)
				InitializePlatformSupportModulesInManaged (202ms)
				SetLoadedEditorAssemblies (5ms)
				RefreshPlugins (0ms)
				BeforeProcessingInitializeOnLoad (224ms)
				ProcessInitializeOnLoadAttributes (512ms)
				ProcessInitializeOnLoadMethodAttributes (112ms)
				AfterProcessingInitializeOnLoad (35ms)
				EditorAssembliesLoaded (0ms)
			ExecutionOrderSort2 (0ms)
			AwakeInstancesAfterBackupRestoration (39ms)
Refreshing native plugins compatible for Editor in 62.29 ms, found 6 plugins.
Preloading 0 native plugins for Editor in 0.00 ms.
Unloading 6185 Unused Serialized files (Serialized files now loaded: 0)
Unloading 35 unused Assets / (1.8 MB). Loaded Objects now: 6828.
Memory consumption went from 0.93 GB to 0.93 GB.
Total: 10.501000 ms (FindLiveObjects: 0.696100 ms CreateObjectMapping: 0.766900 ms MarkObjects: 7.868300 ms  DeleteObjects: 1.168600 ms)

Prepare: number of updated asset objects reloaded= 0
AssetImportParameters requested are different than current active one (requested -> active):
  custom:container-demuxer-ogg: 62fdf1f143b41e24485cea50d1cbac27 -> 
  custom:framework-win-MediaFoundation: 216162199b28c13a410421893ffa2e32 -> 
  custom:container-muxer-webm: aa71ff27fc2769a1b78a27578f13a17b -> 
  custom:video-decoder-webm-vp8: 9c59270c3fd7afecdb556c50c9e8de78 -> 
  custom:AudioImporter_EditorPlatform: d09bf68614088b80899f8185d706f6e7 -> 
  custom:audio-decoder-ogg-vorbis: bf7c407c2cedff20999df2af8eb42d56 -> 
  custom:audio-encoder-webm-vorbis: bf7c407c2cedff20999df2af8eb42d56 -> 
  custom:video-decoder-ogg-theora: a1e56fd34408186e4bbccfd4996cb3dc -> 
  custom:container-demuxer-webm: 4f35f7cbe854078d1ac9338744f61a02 -> 
  custom:video-encoder-webm-vp8: eb34c28f22e8b96e1ab97ce403110664 -> 
========================================================================
Received Import Request.
  Time since last request: 31526.312602 seconds.
  path: Assets/Scripts
  artifactKey: Guid(23e9b5bf32f757a4a98d99a3c8966878) Importer(815301076,1909f56bfc062723c751e8b465ee728b)
Start importing Assets/Scripts using Guid(23e9b5bf32f757a4a98d99a3c8966878) Importer(815301076,1909f56bfc062723c751e8b465ee728b)  -> (artifact id: '2ecf9d6cdbce9ad16cfb90dbc28a42b7') in 0.002339 seconds 
Number of updated asset objects reloaded before import = 0
Number of asset objects unloaded after import = 0
========================================================================
Received Import Request.
  Time since last request: 0.000043 seconds.
  path: Assets/Background.mat
  artifactKey: Guid(abfd3c5e6051af3499c9e5ae1dd33f0a) Importer(815301076,1909f56bfc062723c751e8b465ee728b)
Start importing Assets/Background.mat using Guid(abfd3c5e6051af3499c9e5ae1dd33f0a) Importer(815301076,1909f56bfc062723c751e8b465ee728b)  -> (artifact id: '4849beb7bc1e9b5ae7e45000f5f6094e') in 0.573863 seconds 
Number of updated asset objects reloaded before import = 0
Number of asset objects unloaded after import = 20
========================================================================
Received Import Request.
  Time since last request: 1.349490 seconds.
  path: Assets/Scripts/DialogueManager.cs
  artifactKey: Guid(8192ba6ad0dbcb94ca05286b21728a1e) Importer(815301076,1909f56bfc062723c751e8b465ee728b)
Start importing Assets/Scripts/DialogueManager.cs using Guid(8192ba6ad0dbcb94ca05286b21728a1e) Importer(815301076,1909f56bfc062723c751e8b465ee728b)  -> (artifact id: 'c0d2d788aff697899892e6fb87965c84') in 0.000882 seconds 
Number of updated asset objects reloaded before import = 0
Number of asset objects unloaded after import = 0
========================================================================
Received Import Request.
  Time since last request: 5.968583 seconds.
  path: Assets/Path_Narrative
  artifactKey: Guid(6f7d99eaf1516354587d565abae9d46b) Importer(815301076,1909f56bfc062723c751e8b465ee728b)
Start importing Assets/Path_Narrative using Guid(6f7d99eaf1516354587d565abae9d46b) Importer(815301076,1909f56bfc062723c751e8b465ee728b)  -> (artifact id: '3b9d966b4e6f029818c53f1c904aa75b') in 0.001253 seconds 
Number of updated asset objects reloaded before import = 0
Number of asset objects unloaded after import = 0
========================================================================
Received Import Request.
  Time since last request: 0.054797 seconds.
  path: Assets/Path_Narrative/Time_button.prefab
  artifactKey: Guid(dacd815b180dc1c479aec7805147df00) Importer(815301076,1909f56bfc062723c751e8b465ee728b)
Start importing Assets/Path_Narrative/Time_button.prefab using Guid(dacd815b180dc1c479aec7805147df00) Importer(815301076,1909f56bfc062723c751e8b465ee728b)  -> (artifact id: 'e49ec873d6232e4bfcc9327f0e4d26bf') in 0.084568 seconds 
Number of updated asset objects reloaded before import = 0
Number of asset objects unloaded after import = 29
========================================================================
Received Import Request.
  Time since last request: 4.242114 seconds.
  path: Assets/Dialogue
  artifactKey: Guid(c9d865ef79e18de47a414ad07d13eca1) Importer(815301076,1909f56bfc062723c751e8b465ee728b)
Start importing Assets/Dialogue using Guid(c9d865ef79e18de47a414ad07d13eca1) Importer(815301076,1909f56bfc062723c751e8b465ee728b)  -> (artifact id: '455ce2ca63e0d5daca2dc8dbcd664dc3') in 0.001216 seconds 
Number of updated asset objects reloaded before import = 0
Number of asset objects unloaded after import = 0
========================================================================
Received Import Request.
  Time since last request: 0.921826 seconds.
  path: Assets/Dialogue/Text Prefabs
  artifactKey: Guid(cc584ef08deb9a94e8ee8cbeef8b086d) Importer(815301076,1909f56bfc062723c751e8b465ee728b)
Start importing Assets/Dialogue/Text Prefabs using Guid(cc584ef08deb9a94e8ee8cbeef8b086d) Importer(815301076,1909f56bfc062723c751e8b465ee728b)  -> (artifact id: '74379242c99dbebc9cb943d7ac6da9a7') in 0.000758 seconds 
Number of updated asset objects reloaded before import = 0
Number of asset objects unloaded after import = 0
========================================================================
Received Import Request.
  Time since last request: 0.826647 seconds.
  path: Assets/Dialogue/Text Prefabs/OnLoad
  artifactKey: Guid(7e6aa981bae2685419f82077951e1eab) Importer(815301076,1909f56bfc062723c751e8b465ee728b)
Start importing Assets/Dialogue/Text Prefabs/OnLoad using Guid(7e6aa981bae2685419f82077951e1eab) Importer(815301076,1909f56bfc062723c751e8b465ee728b)  -> (artifact id: 'da38d2815c5f4eaaf934089485f3835f') in 0.000805 seconds 
Number of updated asset objects reloaded before import = 0
Number of asset objects unloaded after import = 0
========================================================================
Received Import Request.
  Time since last request: 0.035463 seconds.
  path: Assets/Dialogue/Text Prefabs/OnLoad/TileText.prefab
  artifactKey: Guid(4d330e78067cac14098e1582541e73bd) Importer(815301076,1909f56bfc062723c751e8b465ee728b)
Start importing Assets/Dialogue/Text Prefabs/OnLoad/TileText.prefab using Guid(4d330e78067cac14098e1582541e73bd) Importer(815301076,1909f56bfc062723c751e8b465ee728b)  -> (artifact id: '8ee3cabc4cf5bd338976bda6a96d8824') in 0.016999 seconds 
Number of updated asset objects reloaded before import = 0
Number of asset objects unloaded after import = 15
========================================================================
Received Import Request.
  Time since last request: 0.000020 seconds.
  path: Assets/Dialogue/Text Prefabs/OnLoad/TileText 2.prefab
  artifactKey: Guid(495a067b834ee774da09dddd7c0dc39b) Importer(815301076,1909f56bfc062723c751e8b465ee728b)
Start importing Assets/Dialogue/Text Prefabs/OnLoad/TileText 2.prefab using Guid(495a067b834ee774da09dddd7c0dc39b) Importer(815301076,1909f56bfc062723c751e8b465ee728b)  -> (artifact id: 'c52b6be4c7aa3621b8e9ad4b6267e195') in 0.005596 seconds 
Number of updated asset objects reloaded before import = 0
Number of asset objects unloaded after import = 5
========================================================================
Received Import Request.
  Time since last request: 0.000022 seconds.
  path: Assets/Dialogue/Text Prefabs/OnLoad/TileText 5.prefab
  artifactKey: Guid(0f5bc7c5dc85f164cb58844e4dc6bc48) Importer(815301076,1909f56bfc062723c751e8b465ee728b)
Start importing Assets/Dialogue/Text Prefabs/OnLoad/TileText 5.prefab using Guid(0f5bc7c5dc85f164cb58844e4dc6bc48) Importer(815301076,1909f56bfc062723c751e8b465ee728b)  -> (artifact id: 'c14167c1003880454de60c458e18cc6c') in 0.006268 seconds 
Number of updated asset objects reloaded before import = 0
Number of asset objects unloaded after import = 5
========================================================================
Received Import Request.
  Time since last request: 423.289166 seconds.
  path: Assets/Dialogue/Text Prefabs/CrabDialogues
  artifactKey: Guid(e44f1d765203bf541a79ee1ca8dc98f3) Importer(815301076,1909f56bfc062723c751e8b465ee728b)
Start importing Assets/Dialogue/Text Prefabs/CrabDialogues using Guid(e44f1d765203bf541a79ee1ca8dc98f3) Importer(815301076,1909f56bfc062723c751e8b465ee728b)  -> (artifact id: '12be11cfa8d04ffb9a821f46e999c0ae') in 0.001358 seconds 
Number of updated asset objects reloaded before import = 0
Number of asset objects unloaded after import = 0
========================================================================
Received Import Request.
  Time since last request: 0.061044 seconds.
  path: Assets/Dialogue/Text Prefabs/CrabDialogues/CrabDiag1.prefab
  artifactKey: Guid(1c97e98d8d3d5a146a73176e064ab88a) Importer(815301076,1909f56bfc062723c751e8b465ee728b)
Start importing Assets/Dialogue/Text Prefabs/CrabDialogues/CrabDiag1.prefab using Guid(1c97e98d8d3d5a146a73176e064ab88a) Importer(815301076,1909f56bfc062723c751e8b465ee728b)  -> (artifact id: 'ad6c6c66149d7c7783a283c03724fbfc') in 0.007592 seconds 
Number of updated asset objects reloaded before import = 0
Number of asset objects unloaded after import = 8
========================================================================
Received Import Request.
  Time since last request: 0.000024 seconds.
  path: Assets/Dialogue/Text Prefabs/CrabDialogues/CrabDiag3.prefab
  artifactKey: Guid(7ba24384026e19a48b5cedb8f9ff43e8) Importer(815301076,1909f56bfc062723c751e8b465ee728b)
Start importing Assets/Dialogue/Text Prefabs/CrabDialogues/CrabDiag3.prefab using Guid(7ba24384026e19a48b5cedb8f9ff43e8) Importer(815301076,1909f56bfc062723c751e8b465ee728b)  -> (artifact id: '8fb9f4cb06721c47d02d3adf7e3c2a70') in 0.004928 seconds 
Number of updated asset objects reloaded before import = 0
Number of asset objects unloaded after import = 8
========================================================================
Received Import Request.
  Time since last request: 49.097201 seconds.
  path: Assets/Popups
  artifactKey: Guid(8457690661123bd4b952363d3fad5900) Importer(815301076,1909f56bfc062723c751e8b465ee728b)
Start importing Assets/Popups using Guid(8457690661123bd4b952363d3fad5900) Importer(815301076,1909f56bfc062723c751e8b465ee728b)  -> (artifact id: 'f85d9b79ad64f384928016b7373adf24') in 0.000773 seconds 
Number of updated asset objects reloaded before import = 0
Number of asset objects unloaded after import = 0
========================================================================
Received Import Request.
  Time since last request: 0.055646 seconds.
  path: Assets/Popups/previewItem.prefab
  artifactKey: Guid(fac05551e0997aa4097d65790d1dc26e) Importer(815301076,1909f56bfc062723c751e8b465ee728b)
Start importing Assets/Popups/previewItem.prefab using Guid(fac05551e0997aa4097d65790d1dc26e) Importer(815301076,1909f56bfc062723c751e8b465ee728b)  -> (artifact id: '81b8336b4909d1458fcaaf0da91aaa3b') in 0.005410 seconds 
Number of updated asset objects reloaded before import = 0
Number of asset objects unloaded after import = 7
========================================================================
Received Import Request.
  Time since last request: 7.884633 seconds.
  path: Assets/Popups/Items
  artifactKey: Guid(47697f8f26681d04bafd952d2bdbb7e5) Importer(815301076,1909f56bfc062723c751e8b465ee728b)
Start importing Assets/Popups/Items using Guid(47697f8f26681d04bafd952d2bdbb7e5) Importer(815301076,1909f56bfc062723c751e8b465ee728b)  -> (artifact id: 'f7a57753330e3a1c21287d3635fca883') in 0.000657 seconds 
Number of updated asset objects reloaded before import = 0
Number of asset objects unloaded after import = 0
========================================================================
Received Import Request.
  Time since last request: 0.048004 seconds.
  path: Assets/Popups/Items/Abertay University.prefab
  artifactKey: Guid(489ed2ecee6b2c1469daa9076affba41) Importer(815301076,1909f56bfc062723c751e8b465ee728b)
Start importing Assets/Popups/Items/Abertay University.prefab using Guid(489ed2ecee6b2c1469daa9076affba41) Importer(815301076,1909f56bfc062723c751e8b465ee728b)  -> (artifact id: '99903ae9c9c416414022a76c79cfa388') in 0.018600 seconds 
Number of updated asset objects reloaded before import = 0
Number of asset objects unloaded after import = 16
========================================================================
Received Import Request.
  Time since last request: 0.000021 seconds.
  path: Assets/Popups/Items/Dragon Egg.prefab
  artifactKey: Guid(998ab7c3b26eb424fb12185f7f76ec39) Importer(815301076,1909f56bfc062723c751e8b465ee728b)
Start importing Assets/Popups/Items/Dragon Egg.prefab using Guid(998ab7c3b26eb424fb12185f7f76ec39) Importer(815301076,1909f56bfc062723c751e8b465ee728b)  -> (artifact id: '95f0261334240bba3e61417c27dee692') in 0.009670 seconds 
Number of updated asset objects reloaded before import = 0
Number of asset objects unloaded after import = 12
========================================================================
Received Import Request.
  Time since last request: 0.000025 seconds.
  path: Assets/Popups/Items/Not A Reused Crab.prefab
  artifactKey: Guid(d56f45cd15236e74ab34cdd86dd6b1ea) Importer(815301076,1909f56bfc062723c751e8b465ee728b)
Start importing Assets/Popups/Items/Not A Reused Crab.prefab using Guid(d56f45cd15236e74ab34cdd86dd6b1ea) Importer(815301076,1909f56bfc062723c751e8b465ee728b)  -> (artifact id: 'bba8b40c28581be7003062a2c523c122') in 0.016694 seconds 
Number of updated asset objects reloaded before import = 0
Number of asset objects unloaded after import = 16
========================================================================
Received Import Request.
  Time since last request: 0.000058 seconds.
  path: Assets/Popups/Items/Protective Belt (+3).prefab
  artifactKey: Guid(b411c60acca2a06458aed21db676f19d) Importer(815301076,1909f56bfc062723c751e8b465ee728b)
Start importing Assets/Popups/Items/Protective Belt (+3).prefab using Guid(b411c60acca2a06458aed21db676f19d) Importer(815301076,1909f56bfc062723c751e8b465ee728b)  -> (artifact id: 'cbeba4fd741cf5afa67d3fcb5bd7fd38') in 0.009602 seconds 
Number of updated asset objects reloaded before import = 0
Number of asset objects unloaded after import = 12
========================================================================
Received Import Request.
  Time since last request: 0.000027 seconds.
  path: Assets/Popups/Items/Boxers (+1) 2.prefab
  artifactKey: Guid(52bb10f5b5820b34bac912d24d856658) Importer(815301076,1909f56bfc062723c751e8b465ee728b)
Start importing Assets/Popups/Items/Boxers (+1) 2.prefab using Guid(52bb10f5b5820b34bac912d24d856658) Importer(815301076,1909f56bfc062723c751e8b465ee728b)  -> (artifact id: 'b73bfff9fd1520f42190eb53d2571b9c') in 0.007795 seconds 
Number of updated asset objects reloaded before import = 0
Number of asset objects unloaded after import = 12
========================================================================
Received Import Request.
  Time since last request: 0.000020 seconds.
  path: Assets/Popups/Items/LindWyrm.prefab
  artifactKey: Guid(6cfb0f8dd38693a428a6f621c4df78b7) Importer(815301076,1909f56bfc062723c751e8b465ee728b)
Start importing Assets/Popups/Items/LindWyrm.prefab using Guid(6cfb0f8dd38693a428a6f621c4df78b7) Importer(815301076,1909f56bfc062723c751e8b465ee728b)  -> (artifact id: '7732e5d51558bf27fb656bcf575bb417') in 0.008298 seconds 
Number of updated asset objects reloaded before import = 0
Number of asset objects unloaded after import = 12
========================================================================
Received Import Request.
  Time since last request: 0.000023 seconds.
  path: Assets/Popups/Items/Chef's Apron (+1).prefab
  artifactKey: Guid(5b1ad30e593df4943afed128fa7fec6a) Importer(815301076,1909f56bfc062723c751e8b465ee728b)
Start importing Assets/Popups/Items/Chef's Apron (+1).prefab using Guid(5b1ad30e593df4943afed128fa7fec6a) Importer(815301076,1909f56bfc062723c751e8b465ee728b)  -> (artifact id: 'db42901fb6337578d71a1d74b19c106a') in 0.011042 seconds 
Number of updated asset objects reloaded before import = 0
Number of asset objects unloaded after import = 12
========================================================================
Received Import Request.
  Time since last request: 0.000019 seconds.
  path: Assets/Popups/Items/The Cactus Cannon (+2).prefab
  artifactKey: Guid(2c3902a04e0fb504a8c39e88d547de17) Importer(815301076,1909f56bfc062723c751e8b465ee728b)
Start importing Assets/Popups/Items/The Cactus Cannon (+2).prefab using Guid(2c3902a04e0fb504a8c39e88d547de17) Importer(815301076,1909f56bfc062723c751e8b465ee728b)  -> (artifact id: '6582c7f618e184596b65b8aaffa0673b') in 0.007258 seconds 
Number of updated asset objects reloaded before import = 0
Number of asset objects unloaded after import = 12
========================================================================
Received Import Request.
  Time since last request: 0.000025 seconds.
  path: Assets/Popups/Items/Particulary Pointy Stick (+1)).prefab
  artifactKey: Guid(ef3fc4c4e9cd28f4299a79106e2f48dc) Importer(815301076,1909f56bfc062723c751e8b465ee728b)
Start importing Assets/Popups/Items/Particulary Pointy Stick (+1)).prefab using Guid(ef3fc4c4e9cd28f4299a79106e2f48dc) Importer(815301076,1909f56bfc062723c751e8b465ee728b)  -> (artifact id: '49b841690d29f49c3c15f6aff79807eb') in 0.007138 seconds 
Number of updated asset objects reloaded before import = 0
Number of asset objects unloaded after import = 12
========================================================================
Received Import Request.
  Time since last request: 0.000034 seconds.
  path: Assets/Popups/Items/SwordTestItem 1.prefab
  artifactKey: Guid(0c20452a52ad4d746acb8abc8e12fe50) Importer(815301076,1909f56bfc062723c751e8b465ee728b)
Start importing Assets/Popups/Items/SwordTestItem 1.prefab using Guid(0c20452a52ad4d746acb8abc8e12fe50) Importer(815301076,1909f56bfc062723c751e8b465ee728b)  -> (artifact id: 'd5b4c851bf2f7d5e11474070abb7f9b5') in 0.007089 seconds 
Number of updated asset objects reloaded before import = 0
Number of asset objects unloaded after import = 11
========================================================================
Received Import Request.
  Time since last request: 0.000026 seconds.
  path: Assets/Popups/Items/Ogre Floating Device.prefab
  artifactKey: Guid(47fc9bf1d859f604f9525d48915a07e0) Importer(815301076,1909f56bfc062723c751e8b465ee728b)
Start importing Assets/Popups/Items/Ogre Floating Device.prefab using Guid(47fc9bf1d859f604f9525d48915a07e0) Importer(815301076,1909f56bfc062723c751e8b465ee728b)  -> (artifact id: 'e78dd1b041020e83d86cdec81c7f1148') in 0.008013 seconds 
Number of updated asset objects reloaded before import = 0
Number of asset objects unloaded after import = 12
========================================================================
Received Import Request.
  Time since last request: 0.000034 seconds.
  path: Assets/Popups/Items/Crocs (+1).prefab
  artifactKey: Guid(a46b5e5da69a55348aa61709417da7b7) Importer(815301076,1909f56bfc062723c751e8b465ee728b)
Start importing Assets/Popups/Items/Crocs (+1).prefab using Guid(a46b5e5da69a55348aa61709417da7b7) Importer(815301076,1909f56bfc062723c751e8b465ee728b)  -> (artifact id: 'b6e030d7d9d1aa7f41177ca9f84538f5') in 0.007900 seconds 
Number of updated asset objects reloaded before import = 0
Number of asset objects unloaded after import = 12
========================================================================
Received Import Request.
  Time since last request: 0.000023 seconds.
  path: Assets/Popups/Items/Wulver.prefab
  artifactKey: Guid(e8c21eb2e499d5a42b9efcc86579fb20) Importer(815301076,1909f56bfc062723c751e8b465ee728b)
Start importing Assets/Popups/Items/Wulver.prefab using Guid(e8c21eb2e499d5a42b9efcc86579fb20) Importer(815301076,1909f56bfc062723c751e8b465ee728b)  -> (artifact id: 'e9da30d1408e5ca454311793e47311ea') in 0.008106 seconds 
Number of updated asset objects reloaded before import = 0
Number of asset objects unloaded after import = 12
========================================================================
Received Import Request.
  Time since last request: 0.000046 seconds.
  path: Assets/Popups/Items/Reverse Sword Fish (+3).prefab
  artifactKey: Guid(d659217492c001040884a62eb405392c) Importer(815301076,1909f56bfc062723c751e8b465ee728b)
Start importing Assets/Popups/Items/Reverse Sword Fish (+3).prefab using Guid(d659217492c001040884a62eb405392c) Importer(815301076,1909f56bfc062723c751e8b465ee728b)  -> (artifact id: '89a3bed2bc7c4d2bbc4190ded719eac5') in 0.010344 seconds 
Number of updated asset objects reloaded before import = 0
Number of asset objects unloaded after import = 12
========================================================================
Received Import Request.
  Time since last request: 0.000031 seconds.
  path: Assets/Popups/Items/Shug.prefab
  artifactKey: Guid(bdba84cca3610d943ba7179244995092) Importer(815301076,1909f56bfc062723c751e8b465ee728b)
Start importing Assets/Popups/Items/Shug.prefab using Guid(bdba84cca3610d943ba7179244995092) Importer(815301076,1909f56bfc062723c751e8b465ee728b)  -> (artifact id: 'c3cad3132d051c8b1fe57a7f23882ca9') in 0.008560 seconds 
Number of updated asset objects reloaded before import = 0
Number of asset objects unloaded after import = 12
========================================================================
Received Import Request.
  Time since last request: 13.683427 seconds.
  path: Assets/Path_Narrative/Full_map.unity
  artifactKey: Guid(f1b14d83f008a7341a3910f76659001f) Importer(815301076,1909f56bfc062723c751e8b465ee728b)
Start importing Assets/Path_Narrative/Full_map.unity using Guid(f1b14d83f008a7341a3910f76659001f) Importer(815301076,1909f56bfc062723c751e8b465ee728b)  -> (artifact id: 'f39bc215ac7f83406a54bd93a941681c') in 0.000938 seconds 
Number of updated asset objects reloaded before import = 0
Number of asset objects unloaded after import = 0
